0 info it worked if it ends with ok
1 verbose cli [ '/usr/local/bin/node', '/usr/local/bin/npm', 'run', 'test' ]
2 info using npm@2.11.3
3 info using node@v0.12.7
4 verbose run-script [ 'pretest', 'test', 'posttest' ]
5 info pretest Flickr-API-Consumer@1.0.0
6 info test Flickr-API-Consumer@1.0.0
7 verbose unsafe-perm in lifecycle true
8 info Flickr-API-Consumer@1.0.0 Failed to exec test script
9 verbose stack Error: Flickr-API-Consumer@1.0.0 test: `mocha --require babel-core/registerv --watch test/test.js`
9 verbose stack Exit status 1
9 verbose stack     at EventEmitter.<anonymous> (/usr/local/lib/node_modules/npm/lib/utils/lifecycle.js:213:16)
9 verbose stack     at EventEmitter.emit (events.js:110:17)
9 verbose stack     at ChildProcess.<anonymous> (/usr/local/lib/node_modules/npm/lib/utils/spawn.js:24:14)
9 verbose stack     at ChildProcess.emit (events.js:110:17)
9 verbose stack     at maybeClose (child_process.js:1015:16)
9 verbose stack     at Process.ChildProcess._handle.onexit (child_process.js:1087:5)
10 verbose pkgid Flickr-API-Consumer@1.0.0
11 verbose cwd /Applications/MAMP/htdocs/mystuff/Flickr-API-consumer
12 error Darwin 13.2.0
13 error argv "/usr/local/bin/node" "/usr/local/bin/npm" "run" "test"
14 error node v0.12.7
15 error npm  v2.11.3
16 error code ELIFECYCLE
17 error Flickr-API-Consumer@1.0.0 test: `mocha --require babel-core/registerv --watch test/test.js`
17 error Exit status 1
18 error Failed at the Flickr-API-Consumer@1.0.0 test script 'mocha --require babel-core/registerv --watch test/test.js'.
18 error This is most likely a problem with the Flickr-API-Consumer package,
18 error not with npm itself.
18 error Tell the author that this fails on your system:
18 error     mocha --require babel-core/registerv --watch test/test.js
18 error You can get their info via:
18 error     npm owner ls Flickr-API-Consumer
18 error There is likely additional logging output above.
19 verbose exit [ 1, true ]
